[00:11:24.408][INFO][CraftTweaker-EarlyInit]: CraftTweaker is running on a Minecraft 1.20.1 production server modded with platform Forge
[00:11:24.420][INFO][CraftTweaker-EarlyInit]: Successfully injected RecipeFS file system
[00:11:24.466][INFO][CraftTweaker-Plugins]: Successfully identified and loaded plugin crafttweaker:builtin
[00:11:24.467][INFO][CraftTweaker-Plugins]: Successfully identified and loaded plugin crafttweaker:builtin_forge
[00:11:24.481][INFO][CraftTweaker-Plugins]: Successfully identified and loaded plugin farmersdelight:crafttweaker_plugin
[00:11:25.313][INFO][CraftTweaker]: The following mods have explicit CraftTweaker support through the default plugin:
[00:11:25.315][INFO][CraftTweaker]: - 'aquaculture' at version '2.5.1'
[00:11:25.315][INFO][CraftTweaker]: - 'crafttweaker' at version '14.0.30'
[00:11:25.315][INFO][CraftTweaker]: - 'farmersdelight' at version '1.20.1-1.2.4'
[00:11:39.269][INFO][CraftTweaker-ZenCode]: Started loading scripts for loader 'initialize'
[00:11:39.879][INFO][CraftTweaker-ZenCode]: Compiling and executing scripts
[00:11:39.911][INFO][CraftTweaker-ZenCode]: Successfully initialized modules [crafttweaker, expansions]
[00:11:40.023][INFO][CraftTweaker-ZenCode]: Execution for loader 'initialize' completed successfully
[00:11:49.744][INFO][CraftTweaker-ZenCode]: Started loading scripts for loader 'tags'
[00:11:49.800][INFO][CraftTweaker-ZenCode]: Compiling and executing scripts
[00:11:49.845][INFO][CraftTweaker-ZenCode]: Successfully initialized modules [crafttweaker, expansions]
[00:11:49.869][INFO][CraftTweaker-ZenCode]: Execution for loader 'tags' completed successfully
[00:11:51.680][INFO][CraftTweaker]: crafttweaker.reload.start
[00:11:51.686][INFO][CraftTweaker-ZenCode]: Started loading scripts for loader 'crafttweaker'
[00:11:51.713][INFO][CraftTweaker-ZenCode]: Compiling and executing scripts
[00:11:52.235][INFO][CraftTweaker-ZenCode]: Successfully initialized modules [mods, crafttweaker, expansions]
[00:11:52.248][INFO][CraftTweaker-ZenCode]: Execution for loader 'crafttweaker' completed successfully
[00:11:52.249][INFO][CraftTweaker]: crafttweaker.reload.complete
